[html.crumina.net/html-olympus/03-Newsfeed.html]
[backblue.gif]
[fade.gif]
[index.html]
[html.crumina.net/html-olympus/css/theme-font.min.css]
[html.crumina.net/html-olympus/Bootstrap/dist/css/bootstrap.css]
[html.crumina.net/html-olympus/css/main.min.css]
[unpkg.com/webp-hero@0.0.0-dev.27/dist-cjs/polyfills.js]
[unpkg.com/webp-hero@0.0.0-dev.27/dist-cjs/webp-hero.bundle.js]
[html.crumina.net/html-olympus/02-ProfilePage.html]
[html.crumina.net/html-olympus/img/logo.webp]
[html.crumina.net/html-olympus/16-FavPagesFeed.html]
[html.crumina.net/html-olympus/17-FriendGroups.html]
[html.crumina.net/html-olympus/18-MusicAndPlaylists.html]
[html.crumina.net/html-olympus/19-WeatherWidget.html]
[html.crumina.net/html-olympus/20-CalendarAndEvents-MonthlyCalendar.html]
[html.crumina.net/html-olympus/24-CommunityBadges.html]
[html.crumina.net/html-olympus/25-FriendsBirthday.html]
[html.crumina.net/html-olympus/26-Statistics.html]
[html.crumina.net/html-olympus/27-ManageWidgets.html]
[html.crumina.net/html-olympus/img/author-page.webp]
[html.crumina.net/html-olympus/img/avatar67-sm.webp]
[html.crumina.net/html-olympus/img/avatar62-sm.webp]
[html.crumina.net/html-olympus/img/avatar68-sm.webp]
[html.crumina.net/html-olympus/img/avatar69-sm.webp]
[html.crumina.net/html-olympus/img/avatar70-sm.webp]
[html.crumina.net/html-olympus/img/avatar64-sm.webp]
[html.crumina.net/html-olympus/img/avatar71-sm.webp]
[html.crumina.net/html-olympus/img/avatar72-sm.webp]
[html.crumina.net/html-olympus/img/avatar63-sm.webp]
[html.crumina.net/html-olympus/29-YourAccount-AccountSettings.html]
[html.crumina.net/html-olympus/img/avatar55-sm.webp]
[html.crumina.net/html-olympus/img/avatar56-sm.webp]
[html.crumina.net/html-olympus/img/avatar57-sm.webp]
[html.crumina.net/html-olympus/img/avatar58-sm.webp]
[html.crumina.net/html-olympus/img/avatar59-sm.webp]
[html.crumina.net/html-olympus/img/avatar60-sm.webp]
[html.crumina.net/html-olympus/img/avatar61-sm.webp]
[html.crumina.net/html-olympus/img/avatar11-sm.webp]
[html.crumina.net/html-olympus/img/avatar12-sm.webp]
[html.crumina.net/html-olympus/img/avatar13-sm.webp]
[html.crumina.net/html-olympus/img/avatar10-sm.webp]
[html.crumina.net/html-olympus/img/comment-photo1.webp]
[html.crumina.net/html-olympus/img/avatar65-sm.webp]
[html.crumina.net/html-olympus/img/avatar66-sm.webp]
[html.crumina.net/html-olympus/36-FavPage-SettingsAndCreatePopup.html]
[html.crumina.net/html-olympus/img/avatar7-sm.webp]
[html.crumina.net/html-olympus/img/video-youtube1.webp]
[html.crumina.net/html-olympus/img/friend-harmonic9.webp]
[html.crumina.net/html-olympus/img/friend-harmonic10.webp]
[html.crumina.net/html-olympus/img/friend-harmonic7.webp]
[html.crumina.net/html-olympus/img/friend-harmonic8.webp]
[html.crumina.net/html-olympus/img/friend-harmonic11.webp]
[html.crumina.net/html-olympus/img/avatar1-sm.webp]
[html.crumina.net/html-olympus/img/avatar5-sm.webp]
[html.crumina.net/html-olympus/img/post__thumb1.webp]
[html.crumina.net/html-olympus/img/avatar3-sm.webp]
[html.crumina.net/html-olympus/img/avatar2-sm.webp]
[html.crumina.net/html-olympus/img/avatar41-sm.webp]
[html.crumina.net/html-olympus/img/avatar42-sm.webp]
[html.crumina.net/html-olympus/img/avatar43-sm.webp]
[html.crumina.net/html-olympus/img/avatar44-sm.webp]
[html.crumina.net/html-olympus/img/avatar45-sm.webp]
[html.crumina.net/html-olympus/img/avatar46-sm.webp]
[html.crumina.net/html-olympus/img/avatar48-sm.webp]
[html.crumina.net/html-olympus/img/avatar38-sm.webp]
[html.crumina.net/html-olympus/img/avatar39-sm.webp]
[html.crumina.net/html-olympus/img/avatar40-sm.webp]
[html.crumina.net/html-olympus/img/avatar49-sm.webp]
[html.crumina.net/html-olympus/img/avatar9-sm.webp]
[html.crumina.net/html-olympus/img/avatar50-sm.webp]
[html.crumina.net/html-olympus/img/avatar51-sm.webp]
[html.crumina.net/html-olympus/img/avatar52-sm.webp]
[html.crumina.net/html-olympus/img/avatar53-sm.webp]
[html.crumina.net/html-olympus/01-LandingPage.html]
[html.crumina.net/html-olympus/img/choose-photo1.webp]
[html.crumina.net/html-olympus/img/choose-photo2.webp]
[html.crumina.net/html-olympus/img/choose-photo3.webp]
[html.crumina.net/html-olympus/img/choose-photo4.webp]
[html.crumina.net/html-olympus/img/choose-photo5.webp]
[html.crumina.net/html-olympus/img/choose-photo6.webp]
[html.crumina.net/html-olympus/img/choose-photo7.webp]
[html.crumina.net/html-olympus/img/choose-photo8.webp]
[html.crumina.net/html-olympus/img/choose-photo9.webp]
[html.crumina.net/html-olympus/img/choose-photo10.webp]
[html.crumina.net/html-olympus/img/choose-photo11.webp]
[html.crumina.net/html-olympus/img/choose-photo12.webp]
[html.crumina.net/html-olympus/img/choose-photo13.webp]
[html.crumina.net/html-olympus/img/choose-photo14.webp]
[html.crumina.net/html-olympus/img/choose-photo15.webp]
[html.crumina.net/html-olympus/img/avatar14-sm.webp]
[html.crumina.net/html-olympus/img/icon-chat1.webp]
[html.crumina.net/html-olympus/img/icon-chat2.webp]
[html.crumina.net/html-olympus/img/icon-chat3.webp]
[html.crumina.net/html-olympus/img/icon-chat4.webp]
[html.crumina.net/html-olympus/img/icon-chat5.webp]
[html.crumina.net/html-olympus/img/icon-chat6.webp]
[html.crumina.net/html-olympus/img/icon-chat7.webp]
[html.crumina.net/html-olympus/img/icon-chat8.webp]
[html.crumina.net/html-olympus/img/icon-chat9.webp]
[html.crumina.net/html-olympus/img/icon-chat10.webp]
[html.crumina.net/html-olympus/img/icon-chat11.webp]
[html.crumina.net/html-olympus/img/icon-chat12.webp]
[html.crumina.net/html-olympus/img/icon-chat13.webp]
[html.crumina.net/html-olympus/img/icon-chat14.webp]
[html.crumina.net/html-olympus/img/icon-chat15.webp]
[html.crumina.net/html-olympus/img/icon-chat16.webp]
[html.crumina.net/html-olympus/img/icon-chat17.webp]
[html.crumina.net/html-olympus/img/icon-chat18.webp]
[html.crumina.net/html-olympus/img/icon-chat19.webp]
[html.crumina.net/html-olympus/img/icon-chat20.webp]
[html.crumina.net/html-olympus/img/icon-chat21.webp]
[html.crumina.net/html-olympus/img/icon-chat22.webp]
[html.crumina.net/html-olympus/img/icon-chat23.webp]
[html.crumina.net/html-olympus/img/icon-chat24.webp]
[html.crumina.net/html-olympus/img/icon-chat25.webp]
[html.crumina.net/html-olympus/img/icon-chat26.webp]
[html.crumina.net/html-olympus/img/icon-chat27.webp]
[html.crumina.net/html-olympus/js/jQuery/jquery-3.5.1.min.js]
[html.crumina.net/html-olympus/js/libs/jquery.mousewheel.min.js]
[html.crumina.net/html-olympus/js/libs/perfect-scrollbar.min.js]
[html.crumina.net/html-olympus/js/libs/imagesloaded.pkgd.min.js]
[html.crumina.net/html-olympus/js/libs/material.min.js]
[html.crumina.net/html-olympus/js/libs/selectize.min.js]
[html.crumina.net/html-olympus/js/libs/isotope.pkgd.min.js]
[html.crumina.net/html-olympus/js/libs/ajax-pagination.min.js]
[html.crumina.net/html-olympus/js/libs/jquery.magnific-popup.min.js]
[html.crumina.net/html-olympus/js/main.js]
[html.crumina.net/html-olympus/js/libs-init/libs-init.js]
[html.crumina.net/html-olympus/Bootstrap/dist/js/bootstrap.bundle.min.js]
[html.crumina.net/html-olympus/03-Newsfeed.html]
[html.crumina.net/html-olympus/js/svg-loader.js]
[html.crumina.net/html-olympus/fonts/Roboto/Roboto-Regular.eot]
[html.crumina.net/html-olympus/fonts/Roboto/Roboto-Regulard41d.eot]
[html.crumina.net/html-olympus/fonts/Roboto/Roboto-Regular.woff]
[html.crumina.net/html-olympus/fonts/Roboto/Roboto-Regular.ttf]
[html.crumina.net/html-olympus/fonts/Roboto/Roboto-MediumItalic.eot]
[html.crumina.net/html-olympus/fonts/Roboto/Roboto-MediumItalicd41d.eot]
[html.crumina.net/html-olympus/fonts/Roboto/Roboto-MediumItalic.woff]
[html.crumina.net/html-olympus/fonts/Roboto/Roboto-MediumItalic.ttf]
[html.crumina.net/html-olympus/fonts/Roboto/Roboto-Italic.eot]
[html.crumina.net/html-olympus/fonts/Roboto/Roboto-Italicd41d.eot]
[html.crumina.net/html-olympus/fonts/Roboto/Roboto-Italic.woff]
[html.crumina.net/html-olympus/fonts/Roboto/Roboto-Italic.ttf]
[html.crumina.net/html-olympus/fonts/Roboto/Roboto-Bold.eot]
[html.crumina.net/html-olympus/fonts/Roboto/Roboto-Boldd41d.eot]
[html.crumina.net/html-olympus/fonts/Roboto/Roboto-Bold.woff]
[html.crumina.net/html-olympus/fonts/Roboto/Roboto-Bold.ttf]
[html.crumina.net/html-olympus/fonts/Roboto/Roboto-Medium.eot]
[html.crumina.net/html-olympus/fonts/Roboto/Roboto-Mediumd41d.eot]
[html.crumina.net/html-olympus/fonts/Roboto/Roboto-Medium.woff]
[html.crumina.net/html-olympus/fonts/Roboto/Roboto-Medium.ttf]
[html.crumina.net/html-olympus/fonts/Roboto/Roboto-BoldItalic.eot]
[html.crumina.net/html-olympus/fonts/Roboto/Roboto-BoldItalicd41d.eot]
[html.crumina.net/html-olympus/fonts/Roboto/Roboto-BoldItalic.woff]
[html.crumina.net/html-olympus/fonts/Roboto/Roboto-BoldItalic.ttf]
[html.crumina.net/html-olympus/fonts/Roboto/Roboto-ThinItalic.eot]
[html.crumina.net/html-olympus/fonts/Roboto/Roboto-ThinItalicd41d.eot]
[html.crumina.net/html-olympus/fonts/Roboto/Roboto-ThinItalic.woff]
[html.crumina.net/html-olympus/fonts/Roboto/Roboto-ThinItalic.ttf]
[html.crumina.net/html-olympus/fonts/Roboto/Roboto-Black.eot]
[html.crumina.net/html-olympus/fonts/Roboto/Roboto-Blackd41d.eot]
[html.crumina.net/html-olympus/fonts/Roboto/Roboto-Black.woff]
[html.crumina.net/html-olympus/fonts/Roboto/Roboto-Black.ttf]
[html.crumina.net/html-olympus/fonts/Roboto/Roboto-Light.eot]
[html.crumina.net/html-olympus/fonts/Roboto/Roboto-Lightd41d.eot]
[html.crumina.net/html-olympus/fonts/Roboto/Roboto-Light.woff]
[html.crumina.net/html-olympus/fonts/Roboto/Roboto-Light.ttf]
[html.crumina.net/html-olympus/fonts/Roboto/Roboto-LightItalic.eot]
[html.crumina.net/html-olympus/fonts/Roboto/Roboto-LightItalicd41d.eot]
[html.crumina.net/html-olympus/fonts/Roboto/Roboto-LightItalic.woff]
[html.crumina.net/html-olympus/fonts/Roboto/Roboto-LightItalic.ttf]
[html.crumina.net/html-olympus/fonts/Roboto/Roboto-BlackItalic.eot]
[html.crumina.net/html-olympus/fonts/Roboto/Roboto-BlackItalicd41d.eot]
[html.crumina.net/html-olympus/fonts/Roboto/Roboto-BlackItalic.woff]
[html.crumina.net/html-olympus/fonts/Roboto/Roboto-BlackItalic.ttf]
[html.crumina.net/html-olympus/fonts/Roboto/Roboto-Thin.eot]
[html.crumina.net/html-olympus/fonts/Roboto/Roboto-Thind41d.eot]
[html.crumina.net/html-olympus/fonts/Roboto/Roboto-Thin.woff]
[html.crumina.net/html-olympus/fonts/Roboto/Roboto-Thin.ttf]
[html.crumina.net/html-olympus/css/theme-font.min.css]
[html.crumina.net/html-olympus/Bootstrap/dist/css/bootstrap.css]
[html.crumina.net/html-olympus/img/top-header2.webp]
[html.crumina.net/html-olympus/img/top-header1.webp]
[html.crumina.net/html-olympus/img/landing-users.webp]
[html.crumina.net/html-olympus/img/bg-section1.webp]
[html.crumina.net/html-olympus/img/bg-section2.webp]
[html.crumina.net/html-olympus/img/bg-section3.webp]
[html.crumina.net/html-olympus/img/bg-section4.webp]
[html.crumina.net/html-olympus/img/bg-section5.webp]
[html.crumina.net/html-olympus/img/top-header3.webp]
[html.crumina.net/html-olympus/img/top-header6.webp]
[html.crumina.net/html-olympus/img/top-header4.webp]
[html.crumina.net/html-olympus/img/top-header5.webp]
[html.crumina.net/html-olympus/img/bg-group.webp]
[html.crumina.net/html-olympus/img/top-header7.webp]
[html.crumina.net/html-olympus/img/bg-users.webp]
[html.crumina.net/html-olympus/img/bg-event-day.webp]
[html.crumina.net/html-olympus/svg-icons/month-calendar-icon.svg]
[html.crumina.net/html-olympus/svg-icons/week-calendar-icon.svg]
[html.crumina.net/html-olympus/svg-icons/day-calendar-icon.svg]
[html.crumina.net/html-olympus/img/post6.webp]
[html.crumina.net/html-olympus/img/quote-bg.webp]
[html.crumina.net/html-olympus/img/testimonial-header.webp]
[html.crumina.net/html-olympus/img/contact-bg.webp]
[html.crumina.net/html-olympus/img/bg-birthdays.webp]
[html.crumina.net/html-olympus/img/landing-bg.webp]
[html.crumina.net/html-olympus/img/bg-wethear.webp]
[html.crumina.net/html-olympus/img/controls-playlist.webp]
[html.crumina.net/html-olympus/img/mep-playlist-icons.webp]
[html.crumina.net/html-olympus/img/bigplay.webp]
[html.crumina.net/html-olympus/img/bigplay.svg]
[html.crumina.net/html-olympus/img/background.webp]
[html.crumina.net/html-olympus/img/loading.gif]
[html.crumina.net/html-olympus/img/controls.svg]
[html.crumina.net/html-olympus/img/controls.webp]
[html.crumina.net/html-olympus/img/jumpforward.webp]
[html.crumina.net/html-olympus/img/skipback.webp]
[html.crumina.net/html-olympus/svg-icons/prev-song.svg]
[html.crumina.net/html-olympus/svg-icons/next-song.svg]
[html.crumina.net/html-olympus/svg-icons/play-icon.svg]
[html.crumina.net/html-olympus/svg-icons/pause-icon.svg]
[html.crumina.net/html-olympus/svg-icons/shuffle.svg]
[html.crumina.net/html-olympus/svg-icons/shuffle-on.svg]
[html.crumina.net/html-olympus/svg-icons/sound.svg]
[html.crumina.net/html-olympus/svg-icons/no-sound.svg]
[html.crumina.net/html-olympus/css/main.min.css]
[html.crumina.net/html-olympus/05-ProfilePage-About.html]
[html.crumina.net/html-olympus/06-ProfilePage.html]
[html.crumina.net/html-olympus/07-ProfilePage-Photos.html]
[html.crumina.net/html-olympus/09-ProfilePage-Videos.html]
[html.crumina.net/html-olympus/35-YourAccount-FriendsRequests.html]
[html.crumina.net/html-olympus/img/author-main1.webp]
[html.crumina.net/html-olympus/img/video5.webp]
[html.crumina.net/html-olympus/img/avatar8-sm.webp]
[html.crumina.net/html-olympus/img/avatar4-sm.webp]
[html.crumina.net/html-olympus/img/post-photo6.webp]
[html.crumina.net/html-olympus/img/friend-harmonic5.webp]
[html.crumina.net/html-olympus/img/friend-harmonic2.webp]
[html.crumina.net/html-olympus/img/badge1.webp]
[html.crumina.net/html-olympus/img/badge4.webp]
[html.crumina.net/html-olympus/img/badge3.webp]
[html.crumina.net/html-olympus/img/badge6.webp]
[html.crumina.net/html-olympus/img/badge11.webp]
[html.crumina.net/html-olympus/img/badge8.webp]
[html.crumina.net/html-olympus/img/badge10.webp]
[html.crumina.net/html-olympus/img/badge13.webp]
[html.crumina.net/html-olympus/img/badge7.webp]
[html.crumina.net/html-olympus/img/badge12.webp]
[html.crumina.net/html-olympus/img/playlist6.webp]
[html.crumina.net/html-olympus/img/playlist7.webp]
[html.crumina.net/html-olympus/img/playlist8.webp]
[html.crumina.net/html-olympus/img/playlist9.webp]
[html.crumina.net/html-olympus/img/playlist10.webp]
[html.crumina.net/html-olympus/img/twitter-avatar1.webp]
[html.crumina.net/html-olympus/img/video8.webp]
[html.crumina.net/html-olympus/img/video7.webp]
[html.crumina.net/html-olympus/img/last-photo10-large.webp]
[html.crumina.net/html-olympus/img/last-phot11-large.webp]
[html.crumina.net/html-olympus/img/last-phot12-large.webp]
[html.crumina.net/html-olympus/img/last-phot13-large.webp]
[html.crumina.net/html-olympus/img/last-phot14-large.webp]
[html.crumina.net/html-olympus/img/last-phot15-large.webp]
[html.crumina.net/html-olympus/img/last-phot16-large.webp]
[html.crumina.net/html-olympus/img/last-phot17-large.webp]
[html.crumina.net/html-olympus/img/last-phot18-large.webp]
[html.crumina.net/html-olympus/img/avatar24-sm.webp]
[html.crumina.net/html-olympus/img/avatar36-sm.webp]
[html.crumina.net/html-olympus/img/avatar35-sm.webp]
[html.crumina.net/html-olympus/img/avatar34-sm.webp]
[html.crumina.net/html-olympus/img/avatar33-sm.webp]
[html.crumina.net/html-olympus/img/avatar32-sm.webp]
[html.crumina.net/html-olympus/img/avatar31-sm.webp]
[html.crumina.net/html-olympus/img/avatar30-sm.webp]
[html.crumina.net/html-olympus/img/avatar29-sm.webp]
[html.crumina.net/html-olympus/img/avatar28-sm.webp]
[html.crumina.net/html-olympus/img/avatar27-sm.webp]
[html.crumina.net/html-olympus/img/avatar26-sm.webp]
[html.crumina.net/html-olympus/img/avatar25-sm.webp]
[html.crumina.net/html-olympus/img/friend-harmonic1.webp]
[html.crumina.net/html-olympus/img/friend-harmonic3.webp]
[html.crumina.net/html-olympus/img/friend-harmonic4.webp]
[html.crumina.net/html-olympus/img/friend-harmonic6.webp]
[html.crumina.net/html-olympus/img/friend-harmonic12.webp]
[html.crumina.net/html-olympus/img/friend-harmonic13.webp]
[html.crumina.net/html-olympus/img/friend-harmonic14.webp]
[html.crumina.net/html-olympus/img/friend-harmonic15.webp]
[html.crumina.net/html-olympus/img/playlist19.webp]
[html.crumina.net/html-olympus/js/libs/mediaelement-and-player.min.js]
[html.crumina.net/html-olympus/02-ProfilePage.html]
[html.crumina.net/html-olympus/js/libs/mediaelement-playlist-plugin.min.js]
[html.crumina.net/html-olympus/img/post__thumb3.webp]
[html.crumina.net/html-olympus/js/libs/jquery.gifplayer.min.js]
[html.crumina.net/html-olympus/img/avatar47-sm.webp]
[html.crumina.net/html-olympus/img/post-photo7.webp]
[html.crumina.net/html-olympus/img/post-photo2.webp]
[html.crumina.net/html-olympus/img/post-photo3.webp]
[html.crumina.net/html-olympus/img/post-photo4.webp]
[html.crumina.net/html-olympus/img/post-photo5.webp]
[html.crumina.net/html-olympus/img/faved-page7.webp]
[html.crumina.net/html-olympus/img/faved-page1.webp]
[html.crumina.net/html-olympus/img/faved-page11.webp]
[html.crumina.net/html-olympus/img/faved-page12.webp]
[html.crumina.net/html-olympus/16-FavPagesFeed.html]
[html.crumina.net/html-olympus/img/group-bottom.webp]
[html.crumina.net/html-olympus/img/friend-group1.webp]
[html.crumina.net/html-olympus/img/friend-group2.webp]
[html.crumina.net/html-olympus/img/friend-group3.webp]
[html.crumina.net/html-olympus/img/friend-group4.webp]
[html.crumina.net/html-olympus/17-FriendGroups.html]
[html.crumina.net/html-olympus/img/music-bottom.webp]
[html.crumina.net/html-olympus/img/playlist11.webp]
[html.crumina.net/html-olympus/img/playlist12.webp]
[html.crumina.net/html-olympus/img/playlist13.webp]
[html.crumina.net/html-olympus/img/playlist14.webp]
[html.crumina.net/html-olympus/img/playlist15.webp]
[html.crumina.net/html-olympus/img/playlist16.webp]
[html.crumina.net/html-olympus/img/playlist17.webp]
[html.crumina.net/html-olympus/img/playlist18.webp]
[html.crumina.net/html-olympus/img/playlist20.webp]
[html.crumina.net/html-olympus/18-MusicAndPlaylists.html]
[html.crumina.net/html-olympus/img/weather-bottom.webp]
[html.crumina.net/html-olympus/19-WeatherWidget.html]
[html.crumina.net/html-olympus/js/libs/swiper.jquery.min.js]
[html.crumina.net/html-olympus/img/event-bottom.webp]
[html.crumina.net/html-olympus/js/libs/fullcalendar.min.js]
[html.crumina.net/html-olympus/img/avatar78-sm.webp]
[html.crumina.net/html-olympus/img/avatar77-sm.webp]
[html.crumina.net/html-olympus/img/event-public.webp]
[html.crumina.net/html-olympus/img/event-private.webp]
[html.crumina.net/html-olympus/js/libs/moment.min.js]
[html.crumina.net/html-olympus/20-CalendarAndEvents-MonthlyCalendar.html]
[html.crumina.net/html-olympus/js/libs/daterangepicker.min.js]
[html.crumina.net/html-olympus/img/badges-bottom.webp]
[html.crumina.net/html-olympus/img/badge2.webp]
[html.crumina.net/html-olympus/img/badge5.webp]
[html.crumina.net/html-olympus/img/badge9.webp]
[html.crumina.net/html-olympus/img/badge14.webp]
[html.crumina.net/html-olympus/img/badge15.webp]
[html.crumina.net/html-olympus/24-CommunityBadges.html]
[html.crumina.net/html-olympus/img/birthdays-bottom.webp]
[html.crumina.net/html-olympus/img/avatar20-sm.webp]
[html.crumina.net/html-olympus/img/avatar21-sm.webp]
[html.crumina.net/html-olympus/img/avatar22-sm.webp]
[html.crumina.net/html-olympus/img/avatar23-sm.webp]
[html.crumina.net/html-olympus/img/avatar6-sm.webp]
[html.crumina.net/html-olympus/25-FriendsBirthday.html]
[html.crumina.net/html-olympus/img/world-map.webp]
[html.crumina.net/html-olympus/img/flag1.webp]
[html.crumina.net/html-olympus/img/flag2.webp]
[html.crumina.net/html-olympus/img/flag3.webp]
[html.crumina.net/html-olympus/img/flag4.webp]
[html.crumina.net/html-olympus/img/flag5.webp]
[html.crumina.net/html-olympus/img/flag6.webp]
[html.crumina.net/html-olympus/img/flag7.webp]
[html.crumina.net/html-olympus/js/libs/jquery.appear.min.js]
[html.crumina.net/html-olympus/js/libs/Chart.min.js]
[html.crumina.net/html-olympus/js/libs/chartjs-plugin-deferred.min.js]
[html.crumina.net/html-olympus/js/libs/circle-progress.min.js]
[html.crumina.net/html-olympus/js/libs/loader.min.js]
[html.crumina.net/html-olympus/26-Statistics.html]
[html.crumina.net/html-olympus/js/libs/run-chart.min.js]
[html.crumina.net/html-olympus/img/account-bottom.webp]
[html.crumina.net/html-olympus/27-ManageWidgets.html]
[html.crumina.net/html-olympus/mobile-index.html]
[html.crumina.net/html-olympus/Mobile-28-YourAccount-PersonalInformation.html]
[html.crumina.net/html-olympus/mobile-29-YourAccount-AccountSettings.html]
[html.crumina.net/html-olympus/Mobile-30-YourAccount-ChangePassword.html]
[html.crumina.net/html-olympus/Mobile-31-YourAccount-HobbiesAndInterests.html]
[html.crumina.net/html-olympus/Mobile-32-YourAccount-EducationAndEmployement.html]
[html.crumina.net/html-olympus/Mobile-33-YourAccount-Notifications.html]
[html.crumina.net/html-olympus/Mobile-34-YourAccount-ChatMessages.html]
[html.crumina.net/html-olympus/Mobile-35-YourAccount-FriendsRequests.html]
[html.crumina.net/html-olympus/28-YourAccount-PersonalInformation.html]
[html.crumina.net/html-olympus/30-YourAccount-ChangePassword.html]
[html.crumina.net/html-olympus/31-YourAccount-HobbiesAndInterests.html]
[html.crumina.net/html-olympus/32-YourAccount-EducationAndEmployement.html]
[html.crumina.net/html-olympus/33-YourAccount-Notifications.html]
[html.crumina.net/html-olympus/29-YourAccount-AccountSettings.html]
[html.crumina.net/html-olympus/36-FavPage-SettingsAndCreatePopup.html]
[html.crumina.net/html-olympus/34-YourAccount-ChatMessages.html]
[html.crumina.net/html-olympus/img/logo-colored-small.webp]
[html.crumina.net/html-olympus/img/product1.webp]
[html.crumina.net/html-olympus/img/product2.webp]
[html.crumina.net/html-olympus/01-LandingPage.html]
[html.crumina.net/html-olympus/svg-icons/month-calendar-icon.svg]
[html.crumina.net/html-olympus/svg-icons/week-calendar-icon.svg]
[html.crumina.net/html-olympus/svg-icons/day-calendar-icon.svg]
[html.crumina.net/html-olympus/bigplay.html]
[html.crumina.net/html-olympus/img/bigplay.svg]
[html.crumina.net/html-olympus/img/controls.svg]
[html.crumina.net/html-olympus/svg-icons/prev-song.svg]
[html.crumina.net/html-olympus/svg-icons/next-song.svg]
[html.crumina.net/html-olympus/svg-icons/play-icon.svg]
[html.crumina.net/html-olympus/svg-icons/pause-icon.svg]
[html.crumina.net/html-olympus/svg-icons/repeat.svg]
[html.crumina.net/html-olympus/svg-icons/repeat-off.svg]
[html.crumina.net/html-olympus/svg-icons/shuffle.svg]
[html.crumina.net/html-olympus/svg-icons/shuffle-on.svg]
[html.crumina.net/html-olympus/svg-icons/sound.svg]
[html.crumina.net/html-olympus/svg-icons/no-sound.svg]
[html.crumina.net/html-olympus/img/leaflet-img/layers.html]
[html.crumina.net/html-olympus/img/leaflet-img/layers-2x.html]
[html.crumina.net/html-olympus/img/leaflet-img/marker-icon.html]
[html.crumina.net/html-olympus/05-ProfilePage-About.html]
[html.crumina.net/html-olympus/img/friend1.webp]
[html.crumina.net/html-olympus/img/avatar1.webp]
[html.crumina.net/html-olympus/img/friend2.webp]
[html.crumina.net/html-olympus/img/avatar2.webp]
[html.crumina.net/html-olympus/img/friend3.webp]
[html.crumina.net/html-olympus/img/avatar3.webp]
[html.crumina.net/html-olympus/img/friend4.webp]
[html.crumina.net/html-olympus/img/avatar4.webp]
[html.crumina.net/html-olympus/img/friend5.webp]
[html.crumina.net/html-olympus/img/avatar5.webp]
[html.crumina.net/html-olympus/img/friend6.webp]
[html.crumina.net/html-olympus/img/avatar6.webp]
[html.crumina.net/html-olympus/img/friend7.webp]
[html.crumina.net/html-olympus/img/avatar7.webp]
[html.crumina.net/html-olympus/img/friend8.webp]
[html.crumina.net/html-olympus/img/avatar8.webp]
[html.crumina.net/html-olympus/06-ProfilePage.html]
[html.crumina.net/html-olympus/img/photo-item1.webp]
[html.crumina.net/html-olympus/img/photo-item2.webp]
[html.crumina.net/html-olympus/img/photo-item3.webp]
[html.crumina.net/html-olympus/img/photo-item4.webp]
[html.crumina.net/html-olympus/img/photo-item5.webp]
[html.crumina.net/html-olympus/img/photo-item6.webp]
[html.crumina.net/html-olympus/img/photo-item7.webp]
[html.crumina.net/html-olympus/img/photo-item8.webp]
[html.crumina.net/html-olympus/img/photo-item9.webp]
[html.crumina.net/html-olympus/img/photo-item10.webp]
[html.crumina.net/html-olympus/img/photo-item11.webp]
[html.crumina.net/html-olympus/img/photo-album1.webp]
[html.crumina.net/html-olympus/img/photo-album2.webp]
[html.crumina.net/html-olympus/img/photo-album3.webp]
[html.crumina.net/html-olympus/img/photo-album4.webp]
[html.crumina.net/html-olympus/img/photo-album5.webp]
[html.crumina.net/html-olympus/img/open-photo1.webp]
[html.crumina.net/html-olympus/img/open-photo2.webp]
[html.crumina.net/html-olympus/img/photo-tabs1.webp]
[html.crumina.net/html-olympus/img/photo-tabs2.webp]
[html.crumina.net/html-olympus/img/photo-tabs3.webp]
[html.crumina.net/html-olympus/img/photo-tabs4.webp]
[html.crumina.net/html-olympus/img/photo-tabs5.webp]
[html.crumina.net/html-olympus/img/photo-tabs6.webp]
[html.crumina.net/html-olympus/img/photo-tabs7.webp]
[html.crumina.net/html-olympus/img/photo-tabs8.webp]
[html.crumina.net/html-olympus/img/photo-tabs9.webp]
[html.crumina.net/html-olympus/img/avatar73-sm.webp]
[html.crumina.net/html-olympus/img/photo-album6.webp]
[html.crumina.net/html-olympus/img/photo-album7.webp]
[html.crumina.net/html-olympus/img/photo-album8.webp]
[html.crumina.net/html-olympus/img/photo-album9.webp]
[html.crumina.net/html-olympus/img/photo-album10.webp]
[html.crumina.net/html-olympus/07-ProfilePage-Photos.html]
[html.crumina.net/html-olympus/img/video9.webp]
[html.crumina.net/html-olympus/img/video10.webp]
[html.crumina.net/html-olympus/img/video11.webp]
[html.crumina.net/html-olympus/img/video12.webp]
[html.crumina.net/html-olympus/img/video13.webp]
[html.crumina.net/html-olympus/img/video14.webp]
[html.crumina.net/html-olympus/img/video15.webp]
[html.crumina.net/html-olympus/img/video16.webp]
[html.crumina.net/html-olympus/img/video17.webp]
[html.crumina.net/html-olympus/09-ProfilePage-Videos.html]
[html.crumina.net/html-olympus/img/avatar15-sm.webp]
[html.crumina.net/html-olympus/img/avatar16-sm.webp]
[html.crumina.net/html-olympus/img/avatar17-sm.webp]
[html.crumina.net/html-olympus/img/avatar18-sm.webp]
[html.crumina.net/html-olympus/35-YourAccount-FriendsRequests.html]
[html.crumina.net/html-olympus/mp3/Twice.html]
[html.crumina.net/html-olympus/28-YourAccount-PersonalInformation.html]
[html.crumina.net/html-olympus/30-YourAccount-ChangePassword.html]
[html.crumina.net/html-olympus/31-YourAccount-HobbiesAndInterests.html]
[html.crumina.net/html-olympus/32-YourAccount-EducationAndEmployement.html]
[html.crumina.net/html-olympus/33-YourAccount-Notifications.html]
[html.crumina.net/html-olympus/img/photo-message1.webp]
[html.crumina.net/html-olympus/img/photo-message2.webp]
[html.crumina.net/html-olympus/34-YourAccount-ChatMessages.html]
